<?xml version="1.0" encoding="UTF-8"?>
<!-- Generated by org.testng.reporters.JUnitReportReporter -->
<testsuite skipped="0" hostname="MacBook-Pro.attlocal.net" name="rahulshettyacademy.tests.SubmitOrderTest" tests="3" failures="0" timestamp="11 Aug 2022 20:03:30 GMT" time="57.215" errors="0">
  <testcase name="submitOrder" time="17.898" classname="rahulshettyacademy.tests.SubmitOrderTest"/>
  <testcase name="OrderHistoryTest" time="19.161" classname="rahulshettyacademy.tests.SubmitOrderTest"/>
  <testcase name="submitOrder" time="20.156" classname="rahulshettyacademy.tests.SubmitOrderTest"/>
</testsuite> <!-- rahulshettyacademy.tests.SubmitOrderTest -->
