<?xml version="1.0" encoding="UTF-8"?>
<!-- Generated by org.testng.reporters.JUnitReportReporter -->
<testsuite skipped="0" hostname="MacBook-Pro.attlocal.net" name="rahulshettyacademy.tests.ErrorValidationsTest" tests="2" failures="0" timestamp="11 Aug 2022 20:03:30 GMT" time="32.252" errors="0">
  <testcase name="LoginErrorValidation" time="15.175" classname="rahulshettyacademy.tests.ErrorValidationsTest"/>
  <testcase name="ProductErrorValidation" time="17.077" classname="rahulshettyacademy.tests.ErrorValidationsTest"/>
</testsuite> <!-- rahulshettyacademy.tests.ErrorValidationsTest -->
